This is TeX, Version 3.141592653 (TeX Live 2023/Debian) (preloaded format=tex 2026.4.11)  11 APR 2026 22:14
**develop
(./develop.tex (./parimacro.tex
\std=\read0
 (./paricfg.tex)
\toc=\write0
\out=\write1
\aux=\write2
\index=\write3

SECOND PASS
(./develop.aux)) [1
\appno=\count8
\chapno=\count8
\secno=\count8
\subsecno=\count8
\subsubsecno=\count8
\euffam=\fam8
] [2] (./develop.toc) [3] (./develop.aux) [4] [5] [6]
[7] [8] [9] [10] [11] [12] [13] [14] [15] [16] [17] [18] [19] [20] [21]
(../examples/pari-mt.c [22]) [23] [24] [25] (./index.tex [26
\fullhsize=\dimen20
\leftcolumn=\box20
\dbox=\box20
\dfillskip=\skip20
\interskipa=\skip20
\interskipb=\skip20
]) [27] )
Output written on develop.dvi (27 pages, 91732 bytes).
