This is TeX, Version 3.141592653 (TeX Live 2023/Debian) (preloaded format=tex 2026.4.11)  11 APR 2026 22:14
**refcard-mf.tex
(./refcard-mf.tex (./refmacro.tex (./parimacro.tex
\std=\read0
 (./paricfg.tex)
\toc=\write0
\out=\write1
\aux=\write2
\index=\write3

FIRST PASS
No aux file.
\appno=\count26
\chapno=\count27
\secno=\count28
\subsecno=\count29
\subsubsecno=\count30
\euffam=\fam8
)
\columnsperpage=\count31
\intercolumnskip=\dimen16
\columna=\box16
\columnb=\box17
 [3 columns per page]
\keyindent=\dimen17
\libox=\box18
\liwidth=\dimen18
)
Underfull \hbox (badness 10000) in paragraph at lines 178--183


\hbox(0.0+0.0)x245.71754
.\glue(\rightskip) 0.0


Underfull \hbox (badness 10000) in paragraph at lines 184--191


\hbox(0.0+0.0)x245.71754
.\glue(\rightskip) 0.0

[1] [2] )
Output written on refcard-mf.dvi (2 pages, 19808 bytes).
